[2015-07-07 11:42:49] local.INFO: array (
  'success' => true,
) [] []
[2015-07-07 11:48:10] local.ERROR: exception 'Symfony\Component\HttpKernel\Exception\NotFoundHttpException' in /var/www/motibupro/client/moticlient/vendor/laravel/framework/src/Illuminate/Routing/RouteCollection.php:148
Stack trace:
#0 /var/www/motibupro/client/moticlient/vendor/laravel/framework/src/Illuminate/Routing/Router.php(1054): Illuminate\Routing\RouteCollection->match(Object(Illuminate\Http\Request))
#1 /var/www/motibupro/client/moticlient/vendor/laravel/framework/src/Illuminate/Routing/Router.php(1022): Illuminate\Routing\Router->findRoute(Object(Illuminate\Http\Request))
#2 /var/www/motibupro/client/moticlient/vendor/laravel/framework/src/Illuminate/Routing/Router.php(1001): Illuminate\Routing\Router->dispatchToRoute(Object(Illuminate\Http\Request))
#3 /var/www/motibupro/client/moticlient/vendor/laravel/framework/src/Illuminate/Foundation/Application.php(775): Illuminate\Routing\Router->dispatch(Object(Illuminate\Http\Request))
#4 /var/www/motibupro/client/moticlient/vendor/laravel/framework/src/Illuminate/Foundation/Application.php(745): Illuminate\Foundation\Application->dispatch(Object(Illuminate\Http\Request))
#5 /var/www/motibupro/client/moticlient/vendor/laravel/framework/src/Illuminate/Session/Middleware.php(72): Illuminate\Foundation\Application->handle(Object(Illuminate\Http\Request), 1, true)
#6 /var/www/motibupro/client/moticlient/vendor/laravel/framework/src/Illuminate/Cookie/Queue.php(47): Illuminate\Session\Middleware->handle(Object(Illuminate\Http\Request), 1, true)
#7 /var/www/motibupro/client/moticlient/vendor/laravel/framework/src/Illuminate/Cookie/Guard.php(51): Illuminate\Cookie\Queue->handle(Object(Illuminate\Http\Request), 1, true)
#8 /var/www/motibupro/client/moticlient/vendor/stack/builder/src/Stack/StackedHttpKernel.php(23): Illuminate\Cookie\Guard->handle(Object(Illuminate\Http\Request), 1, true)
#9 /var/www/motibupro/client/moticlient/vendor/laravel/framework/src/Illuminate/Foundation/Application.php(641): Stack\StackedHttpKernel->handle(Object(Illuminate\Http\Request))
#10 /var/www/motibupro/client/moticlient/public/index.php(49): Illuminate\Foundation\Application->run()
#11 {main} [] []
[2015-07-07 11:48:10] local.ERROR: exception 'Symfony\Component\HttpKernel\Exception\NotFoundHttpException' in /var/www/motibupro/client/moticlient/vendor/laravel/framework/src/Illuminate/Routing/RouteCollection.php:148
Stack trace:
#0 /var/www/motibupro/client/moticlient/vendor/laravel/framework/src/Illuminate/Routing/Router.php(1054): Illuminate\Routing\RouteCollection->match(Object(Illuminate\Http\Request))
#1 /var/www/motibupro/client/moticlient/vendor/laravel/framework/src/Illuminate/Routing/Router.php(1022): Illuminate\Routing\Router->findRoute(Object(Illuminate\Http\Request))
#2 /var/www/motibupro/client/moticlient/vendor/laravel/framework/src/Illuminate/Routing/Router.php(1001): Illuminate\Routing\Router->dispatchToRoute(Object(Illuminate\Http\Request))
#3 /var/www/motibupro/client/moticlient/vendor/laravel/framework/src/Illuminate/Foundation/Application.php(775): Illuminate\Routing\Router->dispatch(Object(Illuminate\Http\Request))
#4 /var/www/motibupro/client/moticlient/vendor/laravel/framework/src/Illuminate/Foundation/Application.php(745): Illuminate\Foundation\Application->dispatch(Object(Illuminate\Http\Request))
#5 /var/www/motibupro/client/moticlient/vendor/laravel/framework/src/Illuminate/Session/Middleware.php(72): Illuminate\Foundation\Application->handle(Object(Illuminate\Http\Request), 1, true)
#6 /var/www/motibupro/client/moticlient/vendor/laravel/framework/src/Illuminate/Cookie/Queue.php(47): Illuminate\Session\Middleware->handle(Object(Illuminate\Http\Request), 1, true)
#7 /var/www/motibupro/client/moticlient/vendor/laravel/framework/src/Illuminate/Cookie/Guard.php(51): Illuminate\Cookie\Queue->handle(Object(Illuminate\Http\Request), 1, true)
#8 /var/www/motibupro/client/moticlient/vendor/stack/builder/src/Stack/StackedHttpKernel.php(23): Illuminate\Cookie\Guard->handle(Object(Illuminate\Http\Request), 1, true)
#9 /var/www/motibupro/client/moticlient/vendor/laravel/framework/src/Illuminate/Foundation/Application.php(641): Stack\StackedHttpKernel->handle(Object(Illuminate\Http\Request))
#10 /var/www/motibupro/client/moticlient/public/index.php(49): Illuminate\Foundation\Application->run()
#11 {main} [] []
[2015-07-07 11:56:25] local.INFO: array (
  'success' => true,
) [] []
[2015-07-07 11:57:06] local.ERROR: exception 'Symfony\Component\HttpKernel\Exception\NotFoundHttpException' in /var/www/motibupro/client/moticlient/vendor/laravel/framework/src/Illuminate/Routing/RouteCollection.php:148
Stack trace:
#0 /var/www/motibupro/client/moticlient/vendor/laravel/framework/src/Illuminate/Routing/Router.php(1054): Illuminate\Routing\RouteCollection->match(Object(Illuminate\Http\Request))
#1 /var/www/motibupro/client/moticlient/vendor/laravel/framework/src/Illuminate/Routing/Router.php(1022): Illuminate\Routing\Router->findRoute(Object(Illuminate\Http\Request))
#2 /var/www/motibupro/client/moticlient/vendor/laravel/framework/src/Illuminate/Routing/Router.php(1001): Illuminate\Routing\Router->dispatchToRoute(Object(Illuminate\Http\Request))
#3 /var/www/motibupro/client/moticlient/vendor/laravel/framework/src/Illuminate/Foundation/Application.php(775): Illuminate\Routing\Router->dispatch(Object(Illuminate\Http\Request))
#4 /var/www/motibupro/client/moticlient/vendor/laravel/framework/src/Illuminate/Foundation/Application.php(745): Illuminate\Foundation\Application->dispatch(Object(Illuminate\Http\Request))
#5 /var/www/motibupro/client/moticlient/vendor/laravel/framework/src/Illuminate/Session/Middleware.php(72): Illuminate\Foundation\Application->handle(Object(Illuminate\Http\Request), 1, true)
#6 /var/www/motibupro/client/moticlient/vendor/laravel/framework/src/Illuminate/Cookie/Queue.php(47): Illuminate\Session\Middleware->handle(Object(Illuminate\Http\Request), 1, true)
#7 /var/www/motibupro/client/moticlient/vendor/laravel/framework/src/Illuminate/Cookie/Guard.php(51): Illuminate\Cookie\Queue->handle(Object(Illuminate\Http\Request), 1, true)
#8 /var/www/motibupro/client/moticlient/vendor/stack/builder/src/Stack/StackedHttpKernel.php(23): Illuminate\Cookie\Guard->handle(Object(Illuminate\Http\Request), 1, true)
#9 /var/www/motibupro/client/moticlient/vendor/laravel/framework/src/Illuminate/Foundation/Application.php(641): Stack\StackedHttpKernel->handle(Object(Illuminate\Http\Request))
#10 /var/www/motibupro/client/moticlient/public/index.php(49): Illuminate\Foundation\Application->run()
#11 {main} [] []
[2015-07-07 11:57:07] local.ERROR: exception 'Symfony\Component\HttpKernel\Exception\NotFoundHttpException' in /var/www/motibupro/client/moticlient/vendor/laravel/framework/src/Illuminate/Routing/RouteCollection.php:148
Stack trace:
#0 /var/www/motibupro/client/moticlient/vendor/laravel/framework/src/Illuminate/Routing/Router.php(1054): Illuminate\Routing\RouteCollection->match(Object(Illuminate\Http\Request))
#1 /var/www/motibupro/client/moticlient/vendor/laravel/framework/src/Illuminate/Routing/Router.php(1022): Illuminate\Routing\Router->findRoute(Object(Illuminate\Http\Request))
#2 /var/www/motibupro/client/moticlient/vendor/laravel/framework/src/Illuminate/Routing/Router.php(1001): Illuminate\Routing\Router->dispatchToRoute(Object(Illuminate\Http\Request))
#3 /var/www/motibupro/client/moticlient/vendor/laravel/framework/src/Illuminate/Foundation/Application.php(775): Illuminate\Routing\Router->dispatch(Object(Illuminate\Http\Request))
#4 /var/www/motibupro/client/moticlient/vendor/laravel/framework/src/Illuminate/Foundation/Application.php(745): Illuminate\Foundation\Application->dispatch(Object(Illuminate\Http\Request))
#5 /var/www/motibupro/client/moticlient/vendor/laravel/framework/src/Illuminate/Session/Middleware.php(72): Illuminate\Foundation\Application->handle(Object(Illuminate\Http\Request), 1, true)
#6 /var/www/motibupro/client/moticlient/vendor/laravel/framework/src/Illuminate/Cookie/Queue.php(47): Illuminate\Session\Middleware->handle(Object(Illuminate\Http\Request), 1, true)
#7 /var/www/motibupro/client/moticlient/vendor/laravel/framework/src/Illuminate/Cookie/Guard.php(51): Illuminate\Cookie\Queue->handle(Object(Illuminate\Http\Request), 1, true)
#8 /var/www/motibupro/client/moticlient/vendor/stack/builder/src/Stack/StackedHttpKernel.php(23): Illuminate\Cookie\Guard->handle(Object(Illuminate\Http\Request), 1, true)
#9 /var/www/motibupro/client/moticlient/vendor/laravel/framework/src/Illuminate/Foundation/Application.php(641): Stack\StackedHttpKernel->handle(Object(Illuminate\Http\Request))
#10 /var/www/motibupro/client/moticlient/public/index.php(49): Illuminate\Foundation\Application->run()
#11 {main} [] []
[2015-07-07 12:04:04] local.INFO: array (
  'success' => true,
) [] []
[2015-07-07 12:04:38] local.ERROR: exception 'GuzzleHttp\Exception\ClientException' with message 'Client error response [url] http://api2.motibu.com/v1/oauth/access_token [status code] 401 [reason phrase] Unauthorized' in /var/www/motibupro/client/moticlient/vendor/guzzlehttp/guzzle/src/Exception/RequestException.php:89
Stack trace:
#0 /var/www/motibupro/client/moticlient/vendor/guzzlehttp/guzzle/src/Subscriber/HttpError.php(33): GuzzleHttp\Exception\RequestException::create(Object(GuzzleHttp\Message\Request), Object(GuzzleHttp\Message\Response))
#1 /var/www/motibupro/client/moticlient/vendor/guzzlehttp/guzzle/src/Event/Emitter.php(109): GuzzleHttp\Subscriber\HttpError->onComplete(Object(GuzzleHttp\Event\CompleteEvent), 'complete')
#2 /var/www/motibupro/client/moticlient/vendor/guzzlehttp/guzzle/src/RequestFsm.php(91): GuzzleHttp\Event\Emitter->emit('complete', Object(GuzzleHttp\Event\CompleteEvent))
#3 /var/www/motibupro/client/moticlient/vendor/guzzlehttp/guzzle/src/RequestFsm.php(132): GuzzleHttp\RequestFsm->__invoke(Object(GuzzleHttp\Transaction))
#4 /var/www/motibupro/client/moticlient/vendor/react/promise/src/FulfilledPromise.php(24): GuzzleHttp\RequestFsm->GuzzleHttp\{closure}(Array)
#5 /var/www/motibupro/client/moticlient/vendor/guzzlehttp/ringphp/src/Future/CompletedFutureValue.php(55): React\Promise\FulfilledPromise->then(Object(Closure), NULL, NULL)
#6 /var/www/motibupro/client/moticlient/vendor/guzzlehttp/guzzle/src/Message/FutureResponse.php(43): GuzzleHttp\Ring\Future\CompletedFutureValue->then(Object(Closure), NULL, NULL)
#7 /var/www/motibupro/client/moticlient/vendor/guzzlehttp/guzzle/src/RequestFsm.php(135): GuzzleHttp\Message\FutureResponse::proxy(Object(GuzzleHttp\Ring\Future\CompletedFutureArray), Object(Closure))
#8 /var/www/motibupro/client/moticlient/vendor/guzzlehttp/guzzle/src/Client.php(232): GuzzleHttp\RequestFsm->__invoke(Object(GuzzleHttp\Transaction))
#9 /var/www/motibupro/client/moticlient/vendor/guzzlehttp/guzzle/src/Client.php(217): GuzzleHttp\Client->send(Object(GuzzleHttp\Message\Request))
#10 /var/www/motibupro/client/moticlient/app/routes.php(353): GuzzleHttp\Client->post('http://api2.mot...', Array)
#11 [internal function]: {closure}()
#12 /var/www/motibupro/client/moticlient/vendor/laravel/framework/src/Illuminate/Routing/Route.php(109): call_user_func_array(Object(Closure), Array)
#13 /var/www/motibupro/client/moticlient/vendor/laravel/framework/src/Illuminate/Routing/Router.php(1033): Illuminate\Routing\Route->run(Object(Illuminate\Http\Request))
#14 /var/www/motibupro/client/moticlient/vendor/laravel/framework/src/Illuminate/Routing/Router.php(1001): Illuminate\Routing\Router->dispatchToRoute(Object(Illuminate\Http\Request))
#15 /var/www/motibupro/client/moticlient/vendor/laravel/framework/src/Illuminate/Foundation/Application.php(775): Illuminate\Routing\Router->dispatch(Object(Illuminate\Http\Request))
#16 /var/www/motibupro/client/moticlient/vendor/laravel/framework/src/Illuminate/Foundation/Application.php(745): Illuminate\Foundation\Application->dispatch(Object(Illuminate\Http\Request))
#17 /var/www/motibupro/client/moticlient/vendor/laravel/framework/src/Illuminate/Session/Middleware.php(72): Illuminate\Foundation\Application->handle(Object(Illuminate\Http\Request), 1, true)
#18 /var/www/motibupro/client/moticlient/vendor/laravel/framework/src/Illuminate/Cookie/Queue.php(47): Illuminate\Session\Middleware->handle(Object(Illuminate\Http\Request), 1, true)
#19 /var/www/motibupro/client/moticlient/vendor/laravel/framework/src/Illuminate/Cookie/Guard.php(51): Illuminate\Cookie\Queue->handle(Object(Illuminate\Http\Request), 1, true)
#20 /var/www/motibupro/client/moticlient/vendor/stack/builder/src/Stack/StackedHttpKernel.php(23): Illuminate\Cookie\Guard->handle(Object(Illuminate\Http\Request), 1, true)
#21 /var/www/motibupro/client/moticlient/vendor/laravel/framework/src/Illuminate/Foundation/Application.php(641): Stack\StackedHttpKernel->handle(Object(Illuminate\Http\Request))
#22 /var/www/motibupro/client/moticlient/public/index.php(49): Illuminate\Foundation\Application->run()
#23 {main} [] []
[2015-07-07 12:04:51] local.ERROR: exception 'GuzzleHttp\Exception\ClientException' with message 'Client error response [url] http://api2.motibu.com/v1/oauth/access_token [status code] 401 [reason phrase] Unauthorized' in /var/www/motibupro/client/moticlient/vendor/guzzlehttp/guzzle/src/Exception/RequestException.php:89
Stack trace:
#0 /var/www/motibupro/client/moticlient/vendor/guzzlehttp/guzzle/src/Subscriber/HttpError.php(33): GuzzleHttp\Exception\RequestException::create(Object(GuzzleHttp\Message\Request), Object(GuzzleHttp\Message\Response))
#1 /var/www/motibupro/client/moticlient/vendor/guzzlehttp/guzzle/src/Event/Emitter.php(109): GuzzleHttp\Subscriber\HttpError->onComplete(Object(GuzzleHttp\Event\CompleteEvent), 'complete')
#2 /var/www/motibupro/client/moticlient/vendor/guzzlehttp/guzzle/src/RequestFsm.php(91): GuzzleHttp\Event\Emitter->emit('complete', Object(GuzzleHttp\Event\CompleteEvent))
#3 /var/www/motibupro/client/moticlient/vendor/guzzlehttp/guzzle/src/RequestFsm.php(132): GuzzleHttp\RequestFsm->__invoke(Object(GuzzleHttp\Transaction))
#4 /var/www/motibupro/client/moticlient/vendor/react/promise/src/FulfilledPromise.php(24): GuzzleHttp\RequestFsm->GuzzleHttp\{closure}(Array)
#5 /var/www/motibupro/client/moticlient/vendor/guzzlehttp/ringphp/src/Future/CompletedFutureValue.php(55): React\Promise\FulfilledPromise->then(Object(Closure), NULL, NULL)
#6 /var/www/motibupro/client/moticlient/vendor/guzzlehttp/guzzle/src/Message/FutureResponse.php(43): GuzzleHttp\Ring\Future\CompletedFutureValue->then(Object(Closure), NULL, NULL)
#7 /var/www/motibupro/client/moticlient/vendor/guzzlehttp/guzzle/src/RequestFsm.php(135): GuzzleHttp\Message\FutureResponse::proxy(Object(GuzzleHttp\Ring\Future\CompletedFutureArray), Object(Closure))
#8 /var/www/motibupro/client/moticlient/vendor/guzzlehttp/guzzle/src/Client.php(232): GuzzleHttp\RequestFsm->__invoke(Object(GuzzleHttp\Transaction))
#9 /var/www/motibupro/client/moticlient/vendor/guzzlehttp/guzzle/src/Client.php(217): GuzzleHttp\Client->send(Object(GuzzleHttp\Message\Request))
#10 /var/www/motibupro/client/moticlient/app/routes.php(353): GuzzleHttp\Client->post('http://api2.mot...', Array)
#11 [internal function]: {closure}()
#12 /var/www/motibupro/client/moticlient/vendor/laravel/framework/src/Illuminate/Routing/Route.php(109): call_user_func_array(Object(Closure), Array)
#13 /var/www/motibupro/client/moticlient/vendor/laravel/framework/src/Illuminate/Routing/Router.php(1033): Illuminate\Routing\Route->run(Object(Illuminate\Http\Request))
#14 /var/www/motibupro/client/moticlient/vendor/laravel/framework/src/Illuminate/Routing/Router.php(1001): Illuminate\Routing\Router->dispatchToRoute(Object(Illuminate\Http\Request))
#15 /var/www/motibupro/client/moticlient/vendor/laravel/framework/src/Illuminate/Foundation/Application.php(775): Illuminate\Routing\Router->dispatch(Object(Illuminate\Http\Request))
#16 /var/www/motibupro/client/moticlient/vendor/laravel/framework/src/Illuminate/Foundation/Application.php(745): Illuminate\Foundation\Application->dispatch(Object(Illuminate\Http\Request))
#17 /var/www/motibupro/client/moticlient/vendor/laravel/framework/src/Illuminate/Session/Middleware.php(72): Illuminate\Foundation\Application->handle(Object(Illuminate\Http\Request), 1, true)
#18 /var/www/motibupro/client/moticlient/vendor/laravel/framework/src/Illuminate/Cookie/Queue.php(47): Illuminate\Session\Middleware->handle(Object(Illuminate\Http\Request), 1, true)
#19 /var/www/motibupro/client/moticlient/vendor/laravel/framework/src/Illuminate/Cookie/Guard.php(51): Illuminate\Cookie\Queue->handle(Object(Illuminate\Http\Request), 1, true)
#20 /var/www/motibupro/client/moticlient/vendor/stack/builder/src/Stack/StackedHttpKernel.php(23): Illuminate\Cookie\Guard->handle(Object(Illuminate\Http\Request), 1, true)
#21 /var/www/motibupro/client/moticlient/vendor/laravel/framework/src/Illuminate/Foundation/Application.php(641): Stack\StackedHttpKernel->handle(Object(Illuminate\Http\Request))
#22 /var/www/motibupro/client/moticlient/public/index.php(49): Illuminate\Foundation\Application->run()
#23 {main} [] []
[2015-07-07 12:05:13] local.ERROR: exception 'GuzzleHttp\Exception\ClientException' with message 'Client error response [url] http://api2.motibu.com/v1/oauth/access_token [status code] 401 [reason phrase] Unauthorized' in /var/www/motibupro/client/moticlient/vendor/guzzlehttp/guzzle/src/Exception/RequestException.php:89
Stack trace:
#0 /var/www/motibupro/client/moticlient/vendor/guzzlehttp/guzzle/src/Subscriber/HttpError.php(33): GuzzleHttp\Exception\RequestException::create(Object(GuzzleHttp\Message\Request), Object(GuzzleHttp\Message\Response))
#1 /var/www/motibupro/client/moticlient/vendor/guzzlehttp/guzzle/src/Event/Emitter.php(109): GuzzleHttp\Subscriber\HttpError->onComplete(Object(GuzzleHttp\Event\CompleteEvent), 'complete')
#2 /var/www/motibupro/client/moticlient/vendor/guzzlehttp/guzzle/src/RequestFsm.php(91): GuzzleHttp\Event\Emitter->emit('complete', Object(GuzzleHttp\Event\CompleteEvent))
#3 /var/www/motibupro/client/moticlient/vendor/guzzlehttp/guzzle/src/RequestFsm.php(132): GuzzleHttp\RequestFsm->__invoke(Object(GuzzleHttp\Transaction))
#4 /var/www/motibupro/client/moticlient/vendor/react/promise/src/FulfilledPromise.php(24): GuzzleHttp\RequestFsm->GuzzleHttp\{closure}(Array)
#5 /var/www/motibupro/client/moticlient/vendor/guzzlehttp/ringphp/src/Future/CompletedFutureValue.php(55): React\Promise\FulfilledPromise->then(Object(Closure), NULL, NULL)
#6 /var/www/motibupro/client/moticlient/vendor/guzzlehttp/guzzle/src/Message/FutureResponse.php(43): GuzzleHttp\Ring\Future\CompletedFutureValue->then(Object(Closure), NULL, NULL)
#7 /var/www/motibupro/client/moticlient/vendor/guzzlehttp/guzzle/src/RequestFsm.php(135): GuzzleHttp\Message\FutureResponse::proxy(Object(GuzzleHttp\Ring\Future\CompletedFutureArray), Object(Closure))
#8 /var/www/motibupro/client/moticlient/vendor/guzzlehttp/guzzle/src/Client.php(232): GuzzleHttp\RequestFsm->__invoke(Object(GuzzleHttp\Transaction))
#9 /var/www/motibupro/client/moticlient/vendor/guzzlehttp/guzzle/src/Client.php(217): GuzzleHttp\Client->send(Object(GuzzleHttp\Message\Request))
#10 /var/www/motibupro/client/moticlient/app/routes.php(353): GuzzleHttp\Client->post('http://api2.mot...', Array)
#11 [internal function]: {closure}()
#12 /var/www/motibupro/client/moticlient/vendor/laravel/framework/src/Illuminate/Routing/Route.php(109): call_user_func_array(Object(Closure), Array)
#13 /var/www/motibupro/client/moticlient/vendor/laravel/framework/src/Illuminate/Routing/Router.php(1033): Illuminate\Routing\Route->run(Object(Illuminate\Http\Request))
#14 /var/www/motibupro/client/moticlient/vendor/laravel/framework/src/Illuminate/Routing/Router.php(1001): Illuminate\Routing\Router->dispatchToRoute(Object(Illuminate\Http\Request))
#15 /var/www/motibupro/client/moticlient/vendor/laravel/framework/src/Illuminate/Foundation/Application.php(775): Illuminate\Routing\Router->dispatch(Object(Illuminate\Http\Request))
#16 /var/www/motibupro/client/moticlient/vendor/laravel/framework/src/Illuminate/Foundation/Application.php(745): Illuminate\Foundation\Application->dispatch(Object(Illuminate\Http\Request))
#17 /var/www/motibupro/client/moticlient/vendor/laravel/framework/src/Illuminate/Session/Middleware.php(72): Illuminate\Foundation\Application->handle(Object(Illuminate\Http\Request), 1, true)
#18 /var/www/motibupro/client/moticlient/vendor/laravel/framework/src/Illuminate/Cookie/Queue.php(47): Illuminate\Session\Middleware->handle(Object(Illuminate\Http\Request), 1, true)
#19 /var/www/motibupro/client/moticlient/vendor/laravel/framework/src/Illuminate/Cookie/Guard.php(51): Illuminate\Cookie\Queue->handle(Object(Illuminate\Http\Request), 1, true)
#20 /var/www/motibupro/client/moticlient/vendor/stack/builder/src/Stack/StackedHttpKernel.php(23): Illuminate\Cookie\Guard->handle(Object(Illuminate\Http\Request), 1, true)
#21 /var/www/motibupro/client/moticlient/vendor/laravel/framework/src/Illuminate/Foundation/Application.php(641): Stack\StackedHttpKernel->handle(Object(Illuminate\Http\Request))
#22 /var/www/motibupro/client/moticlient/public/index.php(49): Illuminate\Foundation\Application->run()
#23 {main} [] []
[2015-07-07 12:05:46] local.INFO: array (
  'success' => true,
) [] []
[2015-07-07 12:06:10] local.ERROR: exception 'GuzzleHttp\Exception\ClientException' with message 'Client error response [url] http://api2.motibu.com/v1/oauth/access_token [status code] 401 [reason phrase] Unauthorized' in /var/www/motibupro/client/moticlient/vendor/guzzlehttp/guzzle/src/Exception/RequestException.php:89
Stack trace:
#0 /var/www/motibupro/client/moticlient/vendor/guzzlehttp/guzzle/src/Subscriber/HttpError.php(33): GuzzleHttp\Exception\RequestException::create(Object(GuzzleHttp\Message\Request), Object(GuzzleHttp\Message\Response))
#1 /var/www/motibupro/client/moticlient/vendor/guzzlehttp/guzzle/src/Event/Emitter.php(109): GuzzleHttp\Subscriber\HttpError->onComplete(Object(GuzzleHttp\Event\CompleteEvent), 'complete')
#2 /var/www/motibupro/client/moticlient/vendor/guzzlehttp/guzzle/src/RequestFsm.php(91): GuzzleHttp\Event\Emitter->emit('complete', Object(GuzzleHttp\Event\CompleteEvent))
#3 /var/www/motibupro/client/moticlient/vendor/guzzlehttp/guzzle/src/RequestFsm.php(132): GuzzleHttp\RequestFsm->__invoke(Object(GuzzleHttp\Transaction))
#4 /var/www/motibupro/client/moticlient/vendor/react/promise/src/FulfilledPromise.php(24): GuzzleHttp\RequestFsm->GuzzleHttp\{closure}(Array)
#5 /var/www/motibupro/client/moticlient/vendor/guzzlehttp/ringphp/src/Future/CompletedFutureValue.php(55): React\Promise\FulfilledPromise->then(Object(Closure), NULL, NULL)
#6 /var/www/motibupro/client/moticlient/vendor/guzzlehttp/guzzle/src/Message/FutureResponse.php(43): GuzzleHttp\Ring\Future\CompletedFutureValue->then(Object(Closure), NULL, NULL)
#7 /var/www/motibupro/client/moticlient/vendor/guzzlehttp/guzzle/src/RequestFsm.php(135): GuzzleHttp\Message\FutureResponse::proxy(Object(GuzzleHttp\Ring\Future\CompletedFutureArray), Object(Closure))
#8 /var/www/motibupro/client/moticlient/vendor/guzzlehttp/guzzle/src/Client.php(232): GuzzleHttp\RequestFsm->__invoke(Object(GuzzleHttp\Transaction))
#9 /var/www/motibupro/client/moticlient/vendor/guzzlehttp/guzzle/src/Client.php(217): GuzzleHttp\Client->send(Object(GuzzleHttp\Message\Request))
#10 /var/www/motibupro/client/moticlient/app/routes.php(353): GuzzleHttp\Client->post('http://api2.mot...', Array)
#11 [internal function]: {closure}()
#12 /var/www/motibupro/client/moticlient/vendor/laravel/framework/src/Illuminate/Routing/Route.php(109): call_user_func_array(Object(Closure), Array)
#13 /var/www/motibupro/client/moticlient/vendor/laravel/framework/src/Illuminate/Routing/Router.php(1033): Illuminate\Routing\Route->run(Object(Illuminate\Http\Request))
#14 /var/www/motibupro/client/moticlient/vendor/laravel/framework/src/Illuminate/Routing/Router.php(1001): Illuminate\Routing\Router->dispatchToRoute(Object(Illuminate\Http\Request))
#15 /var/www/motibupro/client/moticlient/vendor/laravel/framework/src/Illuminate/Foundation/Application.php(775): Illuminate\Routing\Router->dispatch(Object(Illuminate\Http\Request))
#16 /var/www/motibupro/client/moticlient/vendor/laravel/framework/src/Illuminate/Foundation/Application.php(745): Illuminate\Foundation\Application->dispatch(Object(Illuminate\Http\Request))
#17 /var/www/motibupro/client/moticlient/vendor/laravel/framework/src/Illuminate/Session/Middleware.php(72): Illuminate\Foundation\Application->handle(Object(Illuminate\Http\Request), 1, true)
#18 /var/www/motibupro/client/moticlient/vendor/laravel/framework/src/Illuminate/Cookie/Queue.php(47): Illuminate\Session\Middleware->handle(Object(Illuminate\Http\Request), 1, true)
#19 /var/www/motibupro/client/moticlient/vendor/laravel/framework/src/Illuminate/Cookie/Guard.php(51): Illuminate\Cookie\Queue->handle(Object(Illuminate\Http\Request), 1, true)
#20 /var/www/motibupro/client/moticlient/vendor/stack/builder/src/Stack/StackedHttpKernel.php(23): Illuminate\Cookie\Guard->handle(Object(Illuminate\Http\Request), 1, true)
#21 /var/www/motibupro/client/moticlient/vendor/laravel/framework/src/Illuminate/Foundation/Application.php(641): Stack\StackedHttpKernel->handle(Object(Illuminate\Http\Request))
#22 /var/www/motibupro/client/moticlient/public/index.php(49): Illuminate\Foundation\Application->run()
#23 {main} [] []
[2015-07-07 12:06:22] local.ERROR: exception 'GuzzleHttp\Exception\ClientException' with message 'Client error response [url] http://api2.motibu.com/v1/oauth/access_token [status code] 401 [reason phrase] Unauthorized' in /var/www/motibupro/client/moticlient/vendor/guzzlehttp/guzzle/src/Exception/RequestException.php:89
Stack trace:
#0 /var/www/motibupro/client/moticlient/vendor/guzzlehttp/guzzle/src/Subscriber/HttpError.php(33): GuzzleHttp\Exception\RequestException::create(Object(GuzzleHttp\Message\Request), Object(GuzzleHttp\Message\Response))
#1 /var/www/motibupro/client/moticlient/vendor/guzzlehttp/guzzle/src/Event/Emitter.php(109): GuzzleHttp\Subscriber\HttpError->onComplete(Object(GuzzleHttp\Event\CompleteEvent), 'complete')
#2 /var/www/motibupro/client/moticlient/vendor/guzzlehttp/guzzle/src/RequestFsm.php(91): GuzzleHttp\Event\Emitter->emit('complete', Object(GuzzleHttp\Event\CompleteEvent))
#3 /var/www/motibupro/client/moticlient/vendor/guzzlehttp/guzzle/src/RequestFsm.php(132): GuzzleHttp\RequestFsm->__invoke(Object(GuzzleHttp\Transaction))
#4 /var/www/motibupro/client/moticlient/vendor/react/promise/src/FulfilledPromise.php(24): GuzzleHttp\RequestFsm->GuzzleHttp\{closure}(Array)
#5 /var/www/motibupro/client/moticlient/vendor/guzzlehttp/ringphp/src/Future/CompletedFutureValue.php(55): React\Promise\FulfilledPromise->then(Object(Closure), NULL, NULL)
#6 /var/www/motibupro/client/moticlient/vendor/guzzlehttp/guzzle/src/Message/FutureResponse.php(43): GuzzleHttp\Ring\Future\CompletedFutureValue->then(Object(Closure), NULL, NULL)
#7 /var/www/motibupro/client/moticlient/vendor/guzzlehttp/guzzle/src/RequestFsm.php(135): GuzzleHttp\Message\FutureResponse::proxy(Object(GuzzleHttp\Ring\Future\CompletedFutureArray), Object(Closure))
#8 /var/www/motibupro/client/moticlient/vendor/guzzlehttp/guzzle/src/Client.php(232): GuzzleHttp\RequestFsm->__invoke(Object(GuzzleHttp\Transaction))
#9 /var/www/motibupro/client/moticlient/vendor/guzzlehttp/guzzle/src/Client.php(217): GuzzleHttp\Client->send(Object(GuzzleHttp\Message\Request))
#10 /var/www/motibupro/client/moticlient/app/routes.php(353): GuzzleHttp\Client->post('http://api2.mot...', Array)
#11 [internal function]: {closure}()
#12 /var/www/motibupro/client/moticlient/vendor/laravel/framework/src/Illuminate/Routing/Route.php(109): call_user_func_array(Object(Closure), Array)
#13 /var/www/motibupro/client/moticlient/vendor/laravel/framework/src/Illuminate/Routing/Router.php(1033): Illuminate\Routing\Route->run(Object(Illuminate\Http\Request))
#14 /var/www/motibupro/client/moticlient/vendor/laravel/framework/src/Illuminate/Routing/Router.php(1001): Illuminate\Routing\Router->dispatchToRoute(Object(Illuminate\Http\Request))
#15 /var/www/motibupro/client/moticlient/vendor/laravel/framework/src/Illuminate/Foundation/Application.php(775): Illuminate\Routing\Router->dispatch(Object(Illuminate\Http\Request))
#16 /var/www/motibupro/client/moticlient/vendor/laravel/framework/src/Illuminate/Foundation/Application.php(745): Illuminate\Foundation\Application->dispatch(Object(Illuminate\Http\Request))
#17 /var/www/motibupro/client/moticlient/vendor/laravel/framework/src/Illuminate/Session/Middleware.php(72): Illuminate\Foundation\Application->handle(Object(Illuminate\Http\Request), 1, true)
#18 /var/www/motibupro/client/moticlient/vendor/laravel/framework/src/Illuminate/Cookie/Queue.php(47): Illuminate\Session\Middleware->handle(Object(Illuminate\Http\Request), 1, true)
#19 /var/www/motibupro/client/moticlient/vendor/laravel/framework/src/Illuminate/Cookie/Guard.php(51): Illuminate\Cookie\Queue->handle(Object(Illuminate\Http\Request), 1, true)
#20 /var/www/motibupro/client/moticlient/vendor/stack/builder/src/Stack/StackedHttpKernel.php(23): Illuminate\Cookie\Guard->handle(Object(Illuminate\Http\Request), 1, true)
#21 /var/www/motibupro/client/moticlient/vendor/laravel/framework/src/Illuminate/Foundation/Application.php(641): Stack\StackedHttpKernel->handle(Object(Illuminate\Http\Request))
#22 /var/www/motibupro/client/moticlient/public/index.php(49): Illuminate\Foundation\Application->run()
#23 {main} [] []
[2015-07-07 12:06:44] local.ERROR: exception 'GuzzleHttp\Exception\ClientException' with message 'Client error response [url] http://api2.motibu.com/v1/oauth/access_token [status code] 401 [reason phrase] Unauthorized' in /var/www/motibupro/client/moticlient/vendor/guzzlehttp/guzzle/src/Exception/RequestException.php:89
Stack trace:
#0 /var/www/motibupro/client/moticlient/vendor/guzzlehttp/guzzle/src/Subscriber/HttpError.php(33): GuzzleHttp\Exception\RequestException::create(Object(GuzzleHttp\Message\Request), Object(GuzzleHttp\Message\Response))
#1 /var/www/motibupro/client/moticlient/vendor/guzzlehttp/guzzle/src/Event/Emitter.php(109): GuzzleHttp\Subscriber\HttpError->onComplete(Object(GuzzleHttp\Event\CompleteEvent), 'complete')
#2 /var/www/motibupro/client/moticlient/vendor/guzzlehttp/guzzle/src/RequestFsm.php(91): GuzzleHttp\Event\Emitter->emit('complete', Object(GuzzleHttp\Event\CompleteEvent))
#3 /var/www/motibupro/client/moticlient/vendor/guzzlehttp/guzzle/src/RequestFsm.php(132): GuzzleHttp\RequestFsm->__invoke(Object(GuzzleHttp\Transaction))
#4 /var/www/motibupro/client/moticlient/vendor/react/promise/src/FulfilledPromise.php(24): GuzzleHttp\RequestFsm->GuzzleHttp\{closure}(Array)
#5 /var/www/motibupro/client/moticlient/vendor/guzzlehttp/ringphp/src/Future/CompletedFutureValue.php(55): React\Promise\FulfilledPromise->then(Object(Closure), NULL, NULL)
#6 /var/www/motibupro/client/moticlient/vendor/guzzlehttp/guzzle/src/Message/FutureResponse.php(43): GuzzleHttp\Ring\Future\CompletedFutureValue->then(Object(Closure), NULL, NULL)
#7 /var/www/motibupro/client/moticlient/vendor/guzzlehttp/guzzle/src/RequestFsm.php(135): GuzzleHttp\Message\FutureResponse::proxy(Object(GuzzleHttp\Ring\Future\CompletedFutureArray), Object(Closure))
#8 /var/www/motibupro/client/moticlient/vendor/guzzlehttp/guzzle/src/Client.php(232): GuzzleHttp\RequestFsm->__invoke(Object(GuzzleHttp\Transaction))
#9 /var/www/motibupro/client/moticlient/vendor/guzzlehttp/guzzle/src/Client.php(217): GuzzleHttp\Client->send(Object(GuzzleHttp\Message\Request))
#10 /var/www/motibupro/client/moticlient/app/routes.php(353): GuzzleHttp\Client->post('http://api2.mot...', Array)
#11 [internal function]: {closure}()
#12 /var/www/motibupro/client/moticlient/vendor/laravel/framework/src/Illuminate/Routing/Route.php(109): call_user_func_array(Object(Closure), Array)
#13 /var/www/motibupro/client/moticlient/vendor/laravel/framework/src/Illuminate/Routing/Router.php(1033): Illuminate\Routing\Route->run(Object(Illuminate\Http\Request))
#14 /var/www/motibupro/client/moticlient/vendor/laravel/framework/src/Illuminate/Routing/Router.php(1001): Illuminate\Routing\Router->dispatchToRoute(Object(Illuminate\Http\Request))
#15 /var/www/motibupro/client/moticlient/vendor/laravel/framework/src/Illuminate/Foundation/Application.php(775): Illuminate\Routing\Router->dispatch(Object(Illuminate\Http\Request))
#16 /var/www/motibupro/client/moticlient/vendor/laravel/framework/src/Illuminate/Foundation/Application.php(745): Illuminate\Foundation\Application->dispatch(Object(Illuminate\Http\Request))
#17 /var/www/motibupro/client/moticlient/vendor/laravel/framework/src/Illuminate/Session/Middleware.php(72): Illuminate\Foundation\Application->handle(Object(Illuminate\Http\Request), 1, true)
#18 /var/www/motibupro/client/moticlient/vendor/laravel/framework/src/Illuminate/Cookie/Queue.php(47): Illuminate\Session\Middleware->handle(Object(Illuminate\Http\Request), 1, true)
#19 /var/www/motibupro/client/moticlient/vendor/laravel/framework/src/Illuminate/Cookie/Guard.php(51): Illuminate\Cookie\Queue->handle(Object(Illuminate\Http\Request), 1, true)
#20 /var/www/motibupro/client/moticlient/vendor/stack/builder/src/Stack/StackedHttpKernel.php(23): Illuminate\Cookie\Guard->handle(Object(Illuminate\Http\Request), 1, true)
#21 /var/www/motibupro/client/moticlient/vendor/laravel/framework/src/Illuminate/Foundation/Application.php(641): Stack\StackedHttpKernel->handle(Object(Illuminate\Http\Request))
#22 /var/www/motibupro/client/moticlient/public/index.php(49): Illuminate\Foundation\Application->run()
#23 {main} [] []
[2015-07-07 12:06:49] local.ERROR: exception 'GuzzleHttp\Exception\ClientException' with message 'Client error response [url] http://api2.motibu.com/v1/oauth/access_token [status code] 401 [reason phrase] Unauthorized' in /var/www/motibupro/client/moticlient/vendor/guzzlehttp/guzzle/src/Exception/RequestException.php:89
Stack trace:
#0 /var/www/motibupro/client/moticlient/vendor/guzzlehttp/guzzle/src/Subscriber/HttpError.php(33): GuzzleHttp\Exception\RequestException::create(Object(GuzzleHttp\Message\Request), Object(GuzzleHttp\Message\Response))
#1 /var/www/motibupro/client/moticlient/vendor/guzzlehttp/guzzle/src/Event/Emitter.php(109): GuzzleHttp\Subscriber\HttpError->onComplete(Object(GuzzleHttp\Event\CompleteEvent), 'complete')
#2 /var/www/motibupro/client/moticlient/vendor/guzzlehttp/guzzle/src/RequestFsm.php(91): GuzzleHttp\Event\Emitter->emit('complete', Object(GuzzleHttp\Event\CompleteEvent))
#3 /var/www/motibupro/client/moticlient/vendor/guzzlehttp/guzzle/src/RequestFsm.php(132): GuzzleHttp\RequestFsm->__invoke(Object(GuzzleHttp\Transaction))
#4 /var/www/motibupro/client/moticlient/vendor/react/promise/src/FulfilledPromise.php(24): GuzzleHttp\RequestFsm->GuzzleHttp\{closure}(Array)
#5 /var/www/motibupro/client/moticlient/vendor/guzzlehttp/ringphp/src/Future/CompletedFutureValue.php(55): React\Promise\FulfilledPromise->then(Object(Closure), NULL, NULL)
#6 /var/www/motibupro/client/moticlient/vendor/guzzlehttp/guzzle/src/Message/FutureResponse.php(43): GuzzleHttp\Ring\Future\CompletedFutureValue->then(Object(Closure), NULL, NULL)
#7 /var/www/motibupro/client/moticlient/vendor/guzzlehttp/guzzle/src/RequestFsm.php(135): GuzzleHttp\Message\FutureResponse::proxy(Object(GuzzleHttp\Ring\Future\CompletedFutureArray), Object(Closure))
#8 /var/www/motibupro/client/moticlient/vendor/guzzlehttp/guzzle/src/Client.php(232): GuzzleHttp\RequestFsm->__invoke(Object(GuzzleHttp\Transaction))
#9 /var/www/motibupro/client/moticlient/vendor/guzzlehttp/guzzle/src/Client.php(217): GuzzleHttp\Client->send(Object(GuzzleHttp\Message\Request))
#10 /var/www/motibupro/client/moticlient/app/routes.php(353): GuzzleHttp\Client->post('http://api2.mot...', Array)
#11 [internal function]: {closure}()
#12 /var/www/motibupro/client/moticlient/vendor/laravel/framework/src/Illuminate/Routing/Route.php(109): call_user_func_array(Object(Closure), Array)
#13 /var/www/motibupro/client/moticlient/vendor/laravel/framework/src/Illuminate/Routing/Router.php(1033): Illuminate\Routing\Route->run(Object(Illuminate\Http\Request))
#14 /var/www/motibupro/client/moticlient/vendor/laravel/framework/src/Illuminate/Routing/Router.php(1001): Illuminate\Routing\Router->dispatchToRoute(Object(Illuminate\Http\Request))
#15 /var/www/motibupro/client/moticlient/vendor/laravel/framework/src/Illuminate/Foundation/Application.php(775): Illuminate\Routing\Router->dispatch(Object(Illuminate\Http\Request))
#16 /var/www/motibupro/client/moticlient/vendor/laravel/framework/src/Illuminate/Foundation/Application.php(745): Illuminate\Foundation\Application->dispatch(Object(Illuminate\Http\Request))
#17 /var/www/motibupro/client/moticlient/vendor/laravel/framework/src/Illuminate/Session/Middleware.php(72): Illuminate\Foundation\Application->handle(Object(Illuminate\Http\Request), 1, true)
#18 /var/www/motibupro/client/moticlient/vendor/laravel/framework/src/Illuminate/Cookie/Queue.php(47): Illuminate\Session\Middleware->handle(Object(Illuminate\Http\Request), 1, true)
#19 /var/www/motibupro/client/moticlient/vendor/laravel/framework/src/Illuminate/Cookie/Guard.php(51): Illuminate\Cookie\Queue->handle(Object(Illuminate\Http\Request), 1, true)
#20 /var/www/motibupro/client/moticlient/vendor/stack/builder/src/Stack/StackedHttpKernel.php(23): Illuminate\Cookie\Guard->handle(Object(Illuminate\Http\Request), 1, true)
#21 /var/www/motibupro/client/moticlient/vendor/laravel/framework/src/Illuminate/Foundation/Application.php(641): Stack\StackedHttpKernel->handle(Object(Illuminate\Http\Request))
#22 /var/www/motibupro/client/moticlient/public/index.php(49): Illuminate\Foundation\Application->run()
#23 {main} [] []
[2015-07-07 12:07:04] local.ERROR: exception 'GuzzleHttp\Exception\ClientException' with message 'Client error response [url] http://api2.motibu.com/v1/oauth/access_token [status code] 401 [reason phrase] Unauthorized' in /var/www/motibupro/client/moticlient/vendor/guzzlehttp/guzzle/src/Exception/RequestException.php:89
Stack trace:
#0 /var/www/motibupro/client/moticlient/vendor/guzzlehttp/guzzle/src/Subscriber/HttpError.php(33): GuzzleHttp\Exception\RequestException::create(Object(GuzzleHttp\Message\Request), Object(GuzzleHttp\Message\Response))
#1 /var/www/motibupro/client/moticlient/vendor/guzzlehttp/guzzle/src/Event/Emitter.php(109): GuzzleHttp\Subscriber\HttpError->onComplete(Object(GuzzleHttp\Event\CompleteEvent), 'complete')
#2 /var/www/motibupro/client/moticlient/vendor/guzzlehttp/guzzle/src/RequestFsm.php(91): GuzzleHttp\Event\Emitter->emit('complete', Object(GuzzleHttp\Event\CompleteEvent))
#3 /var/www/motibupro/client/moticlient/vendor/guzzlehttp/guzzle/src/RequestFsm.php(132): GuzzleHttp\RequestFsm->__invoke(Object(GuzzleHttp\Transaction))
#4 /var/www/motibupro/client/moticlient/vendor/react/promise/src/FulfilledPromise.php(24): GuzzleHttp\RequestFsm->GuzzleHttp\{closure}(Array)
#5 /var/www/motibupro/client/moticlient/vendor/guzzlehttp/ringphp/src/Future/CompletedFutureValue.php(55): React\Promise\FulfilledPromise->then(Object(Closure), NULL, NULL)
#6 /var/www/motibupro/client/moticlient/vendor/guzzlehttp/guzzle/src/Message/FutureResponse.php(43): GuzzleHttp\Ring\Future\CompletedFutureValue->then(Object(Closure), NULL, NULL)
#7 /var/www/motibupro/client/moticlient/vendor/guzzlehttp/guzzle/src/RequestFsm.php(135): GuzzleHttp\Message\FutureResponse::proxy(Object(GuzzleHttp\Ring\Future\CompletedFutureArray), Object(Closure))
#8 /var/www/motibupro/client/moticlient/vendor/guzzlehttp/guzzle/src/Client.php(232): GuzzleHttp\RequestFsm->__invoke(Object(GuzzleHttp\Transaction))
#9 /var/www/motibupro/client/moticlient/vendor/guzzlehttp/guzzle/src/Client.php(217): GuzzleHttp\Client->send(Object(GuzzleHttp\Message\Request))
#10 /var/www/motibupro/client/moticlient/app/routes.php(353): GuzzleHttp\Client->post('http://api2.mot...', Array)
#11 [internal function]: {closure}()
#12 /var/www/motibupro/client/moticlient/vendor/laravel/framework/src/Illuminate/Routing/Route.php(109): call_user_func_array(Object(Closure), Array)
#13 /var/www/motibupro/client/moticlient/vendor/laravel/framework/src/Illuminate/Routing/Router.php(1033): Illuminate\Routing\Route->run(Object(Illuminate\Http\Request))
#14 /var/www/motibupro/client/moticlient/vendor/laravel/framework/src/Illuminate/Routing/Router.php(1001): Illuminate\Routing\Router->dispatchToRoute(Object(Illuminate\Http\Request))
#15 /var/www/motibupro/client/moticlient/vendor/laravel/framework/src/Illuminate/Foundation/Application.php(775): Illuminate\Routing\Router->dispatch(Object(Illuminate\Http\Request))
#16 /var/www/motibupro/client/moticlient/vendor/laravel/framework/src/Illuminate/Foundation/Application.php(745): Illuminate\Foundation\Application->dispatch(Object(Illuminate\Http\Request))
#17 /var/www/motibupro/client/moticlient/vendor/laravel/framework/src/Illuminate/Session/Middleware.php(72): Illuminate\Foundation\Application->handle(Object(Illuminate\Http\Request), 1, true)
#18 /var/www/motibupro/client/moticlient/vendor/laravel/framework/src/Illuminate/Cookie/Queue.php(47): Illuminate\Session\Middleware->handle(Object(Illuminate\Http\Request), 1, true)
#19 /var/www/motibupro/client/moticlient/vendor/laravel/framework/src/Illuminate/Cookie/Guard.php(51): Illuminate\Cookie\Queue->handle(Object(Illuminate\Http\Request), 1, true)
#20 /var/www/motibupro/client/moticlient/vendor/stack/builder/src/Stack/StackedHttpKernel.php(23): Illuminate\Cookie\Guard->handle(Object(Illuminate\Http\Request), 1, true)
#21 /var/www/motibupro/client/moticlient/vendor/laravel/framework/src/Illuminate/Foundation/Application.php(641): Stack\StackedHttpKernel->handle(Object(Illuminate\Http\Request))
#22 /var/www/motibupro/client/moticlient/public/index.php(49): Illuminate\Foundation\Application->run()
#23 {main} [] []
[2015-07-07 12:07:34] local.INFO: array (
  'success' => true,
) [] []
[2015-07-07 12:08:20] local.ERROR: exception 'Symfony\Component\HttpKernel\Exception\NotFoundHttpException' in /var/www/motibupro/client/moticlient/vendor/laravel/framework/src/Illuminate/Routing/RouteCollection.php:148
Stack trace:
#0 /var/www/motibupro/client/moticlient/vendor/laravel/framework/src/Illuminate/Routing/Router.php(1054): Illuminate\Routing\RouteCollection->match(Object(Illuminate\Http\Request))
#1 /var/www/motibupro/client/moticlient/vendor/laravel/framework/src/Illuminate/Routing/Router.php(1022): Illuminate\Routing\Router->findRoute(Object(Illuminate\Http\Request))
#2 /var/www/motibupro/client/moticlient/vendor/laravel/framework/src/Illuminate/Routing/Router.php(1001): Illuminate\Routing\Router->dispatchToRoute(Object(Illuminate\Http\Request))
#3 /var/www/motibupro/client/moticlient/vendor/laravel/framework/src/Illuminate/Foundation/Application.php(775): Illuminate\Routing\Router->dispatch(Object(Illuminate\Http\Request))
#4 /var/www/motibupro/client/moticlient/vendor/laravel/framework/src/Illuminate/Foundation/Application.php(745): Illuminate\Foundation\Application->dispatch(Object(Illuminate\Http\Request))
#5 /var/www/motibupro/client/moticlient/vendor/laravel/framework/src/Illuminate/Session/Middleware.php(72): Illuminate\Foundation\Application->handle(Object(Illuminate\Http\Request), 1, true)
#6 /var/www/motibupro/client/moticlient/vendor/laravel/framework/src/Illuminate/Cookie/Queue.php(47): Illuminate\Session\Middleware->handle(Object(Illuminate\Http\Request), 1, true)
#7 /var/www/motibupro/client/moticlient/vendor/laravel/framework/src/Illuminate/Cookie/Guard.php(51): Illuminate\Cookie\Queue->handle(Object(Illuminate\Http\Request), 1, true)
#8 /var/www/motibupro/client/moticlient/vendor/stack/builder/src/Stack/StackedHttpKernel.php(23): Illuminate\Cookie\Guard->handle(Object(Illuminate\Http\Request), 1, true)
#9 /var/www/motibupro/client/moticlient/vendor/laravel/framework/src/Illuminate/Foundation/Application.php(641): Stack\StackedHttpKernel->handle(Object(Illuminate\Http\Request))
#10 /var/www/motibupro/client/moticlient/public/index.php(49): Illuminate\Foundation\Application->run()
#11 {main} [] []
[2015-07-07 12:08:22] local.ERROR: exception 'Symfony\Component\HttpKernel\Exception\NotFoundHttpException' in /var/www/motibupro/client/moticlient/vendor/laravel/framework/src/Illuminate/Routing/RouteCollection.php:148
Stack trace:
#0 /var/www/motibupro/client/moticlient/vendor/laravel/framework/src/Illuminate/Routing/Router.php(1054): Illuminate\Routing\RouteCollection->match(Object(Illuminate\Http\Request))
#1 /var/www/motibupro/client/moticlient/vendor/laravel/framework/src/Illuminate/Routing/Router.php(1022): Illuminate\Routing\Router->findRoute(Object(Illuminate\Http\Request))
#2 /var/www/motibupro/client/moticlient/vendor/laravel/framework/src/Illuminate/Routing/Router.php(1001): Illuminate\Routing\Router->dispatchToRoute(Object(Illuminate\Http\Request))
#3 /var/www/motibupro/client/moticlient/vendor/laravel/framework/src/Illuminate/Foundation/Application.php(775): Illuminate\Routing\Router->dispatch(Object(Illuminate\Http\Request))
#4 /var/www/motibupro/client/moticlient/vendor/laravel/framework/src/Illuminate/Foundation/Application.php(745): Illuminate\Foundation\Application->dispatch(Object(Illuminate\Http\Request))
#5 /var/www/motibupro/client/moticlient/vendor/laravel/framework/src/Illuminate/Session/Middleware.php(72): Illuminate\Foundation\Application->handle(Object(Illuminate\Http\Request), 1, true)
#6 /var/www/motibupro/client/moticlient/vendor/laravel/framework/src/Illuminate/Cookie/Queue.php(47): Illuminate\Session\Middleware->handle(Object(Illuminate\Http\Request), 1, true)
#7 /var/www/motibupro/client/moticlient/vendor/laravel/framework/src/Illuminate/Cookie/Guard.php(51): Illuminate\Cookie\Queue->handle(Object(Illuminate\Http\Request), 1, true)
#8 /var/www/motibupro/client/moticlient/vendor/stack/builder/src/Stack/StackedHttpKernel.php(23): Illuminate\Cookie\Guard->handle(Object(Illuminate\Http\Request), 1, true)
#9 /var/www/motibupro/client/moticlient/vendor/laravel/framework/src/Illuminate/Foundation/Application.php(641): Stack\StackedHttpKernel->handle(Object(Illuminate\Http\Request))
#10 /var/www/motibupro/client/moticlient/public/index.php(49): Illuminate\Foundation\Application->run()
#11 {main} [] []
[2015-07-09 07:01:56] local.INFO: array (
  'success' => true,
) [] []
[2015-07-09 07:03:27] local.INFO: array (
  'success' => true,
) [] []
